[2021-01-29T11:16:42.434] [DEBUG] cheese - login => username:zs,password:123456
[2021-01-29T11:16:42.435] [DEBUG] cheese - zs
[2021-01-29T11:16:42.441] [DEBUG] cheese - null
[2021-01-29T11:16:42.441] [DEBUG] cheese - null
[2021-01-29T11:17:18.182] [DEBUG] cheese - login => username:admin,password:123456
[2021-01-29T11:17:18.182] [DEBUG] cheese - admin
[2021-01-29T11:17:18.185] [DEBUG] cheese - null
[2021-01-29T11:17:18.185] [DEBUG] cheese - null
[2021-01-30T21:55:16.522] [DEBUG] cheese - login => username:admin,password:123456
[2021-01-30T21:55:16.523] [DEBUG] cheese - admin
[2021-01-30T21:55:16.530] [DEBUG] cheese - null
[2021-01-30T21:55:16.531] [DEBUG] cheese - null
[2021-01-31T08:31:28.576] [DEBUG] cheese - login => username:admin,password:123456
[2021-01-31T08:31:28.577] [DEBUG] cheese - admin
[2021-01-31T08:31:28.584] [DEBUG] cheese - null
[2021-01-31T08:31:28.584] [DEBUG] cheese - null
[2021-01-31T10:42:27.975] [DEBUG] cheese - login => username:zsa,password:12311111
[2021-01-31T10:42:27.975] [DEBUG] cheese - zsa
[2021-01-31T10:42:27.976] [DEBUG] cheese - null
[2021-01-31T10:42:27.976] [DEBUG] cheese - null
[2021-01-31T10:43:59.282] [DEBUG] cheese - login => username:zs11,password:123qqqqq
[2021-01-31T10:43:59.282] [DEBUG] cheese - zs11
[2021-01-31T10:43:59.284] [DEBUG] cheese - null
[2021-01-31T10:43:59.284] [DEBUG] cheese - null
[2021-01-31T10:45:30.617] [DEBUG] cheese - login => username:zsq,password:123qqq
[2021-01-31T10:45:30.617] [DEBUG] cheese - zsq
[2021-01-31T10:45:30.618] [DEBUG] cheese - null
[2021-01-31T10:45:30.619] [DEBUG] cheese - null
[2021-01-31T10:47:53.718] [DEBUG] cheese - login => username:zsa,password:123aaaa
[2021-01-31T10:47:53.718] [DEBUG] cheese - zsa
[2021-01-31T10:47:53.719] [DEBUG] cheese - null
[2021-01-31T10:47:53.719] [DEBUG] cheese - null
[2021-01-31T10:48:04.034] [DEBUG] cheese - login => username:admin,password:123456
[2021-01-31T10:48:04.034] [DEBUG] cheese - admin
[2021-01-31T10:48:04.035] [DEBUG] cheese - null
[2021-01-31T10:48:04.035] [DEBUG] cheese - null
[2021-01-31T10:48:24.442] [DEBUG] cheese - login => username:admin,password:123456
[2021-01-31T10:48:24.442] [DEBUG] cheese - admin
[2021-01-31T10:48:24.444] [DEBUG] cheese - null
[2021-01-31T10:48:24.444] [DEBUG] cheese - null
[2021-01-31T11:05:15.756] [DEBUG] cheese - login => username:admin,password:123456
[2021-01-31T11:05:15.756] [DEBUG] cheese - admin
[2021-01-31T11:05:15.757] [DEBUG] cheese - null
[2021-01-31T11:05:15.757] [DEBUG] cheese - null
[2021-01-31T11:05:23.214] [DEBUG] cheese - login => username:admin,password:1234565
[2021-01-31T11:05:23.214] [DEBUG] cheese - admin
[2021-01-31T11:05:23.216] [DEBUG] cheese - null
[2021-01-31T11:05:23.216] [DEBUG] cheese - null
[2021-01-31T11:05:23.918] [DEBUG] cheese - login => username:admin,password:1234565
[2021-01-31T11:05:23.918] [DEBUG] cheese - admin
[2021-01-31T11:05:23.920] [DEBUG] cheese - null
[2021-01-31T11:05:23.920] [DEBUG] cheese - null
[2021-01-31T11:05:24.089] [DEBUG] cheese - login => username:admin,password:1234565
[2021-01-31T11:05:24.089] [DEBUG] cheese - admin
[2021-01-31T11:05:24.091] [DEBUG] cheese - null
[2021-01-31T11:05:24.091] [DEBUG] cheese - null
[2021-01-31T11:05:24.253] [DEBUG] cheese - login => username:admin,password:1234565
[2021-01-31T11:05:24.253] [DEBUG] cheese - admin
[2021-01-31T11:05:24.254] [DEBUG] cheese - null
[2021-01-31T11:05:24.254] [DEBUG] cheese - null
[2021-01-31T11:05:24.416] [DEBUG] cheese - login => username:admin,password:1234565
[2021-01-31T11:05:24.416] [DEBUG] cheese - admin
[2021-01-31T11:05:24.418] [DEBUG] cheese - null
[2021-01-31T11:05:24.418] [DEBUG] cheese - null
[2021-01-31T11:05:24.577] [DEBUG] cheese - login => username:admin,password:1234565
[2021-01-31T11:05:24.577] [DEBUG] cheese - admin
[2021-01-31T11:05:24.579] [DEBUG] cheese - null
[2021-01-31T11:05:24.579] [DEBUG] cheese - null
[2021-01-31T11:05:24.722] [DEBUG] cheese - login => username:admin,password:1234565
[2021-01-31T11:05:24.722] [DEBUG] cheese - admin
[2021-01-31T11:05:24.723] [DEBUG] cheese - null
[2021-01-31T11:05:24.723] [DEBUG] cheese - null
[2021-01-31T11:05:26.187] [DEBUG] cheese - login => username:admin,password:1234565
[2021-01-31T11:05:26.187] [DEBUG] cheese - admin
[2021-01-31T11:05:26.188] [DEBUG] cheese - null
[2021-01-31T11:05:26.188] [DEBUG] cheese - null
[2021-01-31T11:05:26.669] [DEBUG] cheese - login => username:admin,password:1234565
[2021-01-31T11:05:26.669] [DEBUG] cheese - admin
[2021-01-31T11:05:26.670] [DEBUG] cheese - null
[2021-01-31T11:05:26.670] [DEBUG] cheese - null
[2021-01-31T11:05:31.091] [DEBUG] cheese - login => username:admin,password:123456
[2021-01-31T11:05:31.091] [DEBUG] cheese - admin
[2021-01-31T11:05:31.092] [DEBUG] cheese - null
[2021-01-31T11:05:31.092] [DEBUG] cheese - null
[2021-01-31T11:05:31.235] [DEBUG] cheese - login => username:admin,password:123456
[2021-01-31T11:05:31.235] [DEBUG] cheese - admin
[2021-01-31T11:05:31.236] [DEBUG] cheese - null
[2021-01-31T11:05:31.236] [DEBUG] cheese - null
[2021-01-31T11:05:31.405] [DEBUG] cheese - login => username:admin,password:123456
[2021-01-31T11:05:31.405] [DEBUG] cheese - admin
[2021-01-31T11:05:31.406] [DEBUG] cheese - null
[2021-01-31T11:05:31.406] [DEBUG] cheese - null
[2021-01-31T11:05:31.575] [DEBUG] cheese - login => username:admin,password:123456
[2021-01-31T11:05:31.576] [DEBUG] cheese - admin
[2021-01-31T11:05:31.577] [DEBUG] cheese - null
[2021-01-31T11:05:31.577] [DEBUG] cheese - null
[2021-01-31T11:05:31.733] [DEBUG] cheese - login => username:admin,password:123456
[2021-01-31T11:05:31.733] [DEBUG] cheese - admin
[2021-01-31T11:05:31.734] [DEBUG] cheese - null
[2021-01-31T11:05:31.734] [DEBUG] cheese - null
[2021-01-31T11:05:32.035] [DEBUG] cheese - login => username:admin,password:123456
[2021-01-31T11:05:32.035] [DEBUG] cheese - admin
[2021-01-31T11:05:32.036] [DEBUG] cheese - null
[2021-01-31T11:05:32.036] [DEBUG] cheese - null
[2021-01-31T11:05:32.209] [DEBUG] cheese - login => username:admin,password:123456
[2021-01-31T11:05:32.209] [DEBUG] cheese - admin
[2021-01-31T11:05:32.211] [DEBUG] cheese - null
[2021-01-31T11:05:32.211] [DEBUG] cheese - null
[2021-01-31T11:06:01.081] [DEBUG] cheese - login => username:admin,password:123456
[2021-01-31T11:06:01.081] [DEBUG] cheese - admin
[2021-01-31T11:06:01.082] [DEBUG] cheese - null
[2021-01-31T11:06:01.083] [DEBUG] cheese - null
[2021-01-31T11:11:01.869] [DEBUG] cheese - login => username:admin,password:123456
[2021-01-31T11:11:01.869] [DEBUG] cheese - admin
[2021-01-31T11:11:01.870] [DEBUG] cheese - null
[2021-01-31T11:11:01.870] [DEBUG] cheese - null
[2021-01-31T11:11:21.202] [DEBUG] cheese - login => username:admin,password:123456
[2021-01-31T11:11:21.202] [DEBUG] cheese - admin
[2021-01-31T11:11:21.203] [DEBUG] cheese - null
[2021-01-31T11:11:21.204] [DEBUG] cheese - null
[2021-01-31T11:13:10.553] [DEBUG] cheese - login => username:admin,password:123456
[2021-01-31T11:13:10.553] [DEBUG] cheese - admin
[2021-01-31T11:13:10.555] [DEBUG] cheese - null
[2021-01-31T11:13:10.555] [DEBUG] cheese - null
[2021-01-31T11:14:13.087] [DEBUG] cheese - login => username:admin,password:123456
[2021-01-31T11:14:13.087] [DEBUG] cheese - admin
[2021-01-31T11:14:13.088] [DEBUG] cheese - null
[2021-01-31T11:14:13.088] [DEBUG] cheese - null
[2021-01-31T11:14:17.449] [DEBUG] cheese - login => username:admin,password:123456
[2021-01-31T11:14:17.449] [DEBUG] cheese - admin
[2021-01-31T11:14:17.450] [DEBUG] cheese - null
[2021-01-31T11:14:17.450] [DEBUG] cheese - null
[2021-01-31T11:14:18.039] [DEBUG] cheese - login => username:admin,password:123456
[2021-01-31T11:14:18.039] [DEBUG] cheese - admin
[2021-01-31T11:14:18.041] [DEBUG] cheese - null
[2021-01-31T11:14:18.041] [DEBUG] cheese - null
[2021-01-31T11:14:18.220] [DEBUG] cheese - login => username:admin,password:123456
[2021-01-31T11:14:18.220] [DEBUG] cheese - admin
[2021-01-31T11:14:18.221] [DEBUG] cheese - null
[2021-01-31T11:14:18.221] [DEBUG] cheese - null
[2021-01-31T11:14:18.399] [DEBUG] cheese - login => username:admin,password:123456
[2021-01-31T11:14:18.399] [DEBUG] cheese - admin
[2021-01-31T11:14:18.400] [DEBUG] cheese - null
[2021-01-31T11:14:18.400] [DEBUG] cheese - null
[2021-01-31T11:14:18.556] [DEBUG] cheese - login => username:admin,password:123456
[2021-01-31T11:14:18.556] [DEBUG] cheese - admin
[2021-01-31T11:14:18.558] [DEBUG] cheese - null
[2021-01-31T11:14:18.558] [DEBUG] cheese - null
[2021-01-31T11:14:18.715] [DEBUG] cheese - login => username:admin,password:123456
[2021-01-31T11:14:18.715] [DEBUG] cheese - admin
[2021-01-31T11:14:18.716] [DEBUG] cheese - null
[2021-01-31T11:14:18.716] [DEBUG] cheese - null
[2021-01-31T11:15:04.794] [DEBUG] cheese - login => username:admin,password:123456
[2021-01-31T11:15:04.794] [DEBUG] cheese - admin
[2021-01-31T11:15:04.795] [DEBUG] cheese - null
[2021-01-31T11:15:04.795] [DEBUG] cheese - null
[2021-01-31T11:15:44.877] [DEBUG] cheese - login => username:admin,password:123456
[2021-01-31T11:15:44.877] [DEBUG] cheese - admin
[2021-01-31T11:15:44.878] [DEBUG] cheese - null
[2021-01-31T11:15:44.878] [DEBUG] cheese - null
[2021-01-31T11:19:39.252] [DEBUG] cheese - login => username:admin,password:123456
[2021-01-31T11:19:39.252] [DEBUG] cheese - admin
[2021-01-31T11:19:39.253] [DEBUG] cheese - null
[2021-01-31T11:19:39.253] [DEBUG] cheese - null
[2021-01-31T11:19:59.722] [DEBUG] cheese - login => username:admin,password:123456a
[2021-01-31T11:19:59.722] [DEBUG] cheese - admin
[2021-01-31T11:19:59.724] [DEBUG] cheese - null
[2021-01-31T11:19:59.724] [DEBUG] cheese - null
[2021-01-31T11:20:00.968] [DEBUG] cheese - login => username:admin,password:123456a
[2021-01-31T11:20:00.968] [DEBUG] cheese - admin
[2021-01-31T11:20:00.969] [DEBUG] cheese - null
[2021-01-31T11:20:00.969] [DEBUG] cheese - null
[2021-01-31T11:20:01.441] [DEBUG] cheese - login => username:admin,password:123456a
[2021-01-31T11:20:01.441] [DEBUG] cheese - admin
[2021-01-31T11:20:01.442] [DEBUG] cheese - null
[2021-01-31T11:20:01.442] [DEBUG] cheese - null
[2021-01-31T11:20:01.864] [DEBUG] cheese - login => username:admin,password:123456a
[2021-01-31T11:20:01.864] [DEBUG] cheese - admin
[2021-01-31T11:20:01.865] [DEBUG] cheese - null
[2021-01-31T11:20:01.866] [DEBUG] cheese - null
[2021-01-31T11:20:02.270] [DEBUG] cheese - login => username:admin,password:123456a
[2021-01-31T11:20:02.270] [DEBUG] cheese - admin
[2021-01-31T11:20:02.271] [DEBUG] cheese - null
[2021-01-31T11:20:02.271] [DEBUG] cheese - null
[2021-01-31T11:20:02.684] [DEBUG] cheese - login => username:admin,password:123456a
[2021-01-31T11:20:02.684] [DEBUG] cheese - admin
[2021-01-31T11:20:02.686] [DEBUG] cheese - null
[2021-01-31T11:20:02.686] [DEBUG] cheese - null
[2021-01-31T11:20:03.121] [DEBUG] cheese - login => username:admin,password:123456a
[2021-01-31T11:20:03.121] [DEBUG] cheese - admin
[2021-01-31T11:20:03.122] [DEBUG] cheese - null
[2021-01-31T11:20:03.122] [DEBUG] cheese - null
[2021-01-31T11:21:21.978] [DEBUG] cheese - login => username:admin,password:123456a
[2021-01-31T11:21:21.978] [DEBUG] cheese - admin
[2021-01-31T11:21:21.979] [DEBUG] cheese - null
[2021-01-31T11:21:21.979] [DEBUG] cheese - null
[2021-01-31T11:21:25.387] [DEBUG] cheese - login => username:admin,password:123456
[2021-01-31T11:21:25.387] [DEBUG] cheese - admin
[2021-01-31T11:21:25.388] [DEBUG] cheese - null
[2021-01-31T11:21:25.388] [DEBUG] cheese - null
[2021-01-31T11:35:04.930] [DEBUG] cheese - login => username:admin,password:123456
[2021-01-31T11:35:04.930] [DEBUG] cheese - admin
[2021-01-31T11:35:04.931] [DEBUG] cheese - null
[2021-01-31T11:35:04.931] [DEBUG] cheese - null
[2021-01-31T11:35:21.357] [DEBUG] cheese - login => username:admin,password:123456
[2021-01-31T11:35:21.357] [DEBUG] cheese - admin
[2021-01-31T11:35:21.358] [DEBUG] cheese - null
[2021-01-31T11:35:21.358] [DEBUG] cheese - null
[2021-01-31T11:39:45.098] [DEBUG] cheese - login => username:admin,password:123456
[2021-01-31T11:39:45.098] [DEBUG] cheese - admin
[2021-01-31T11:39:45.099] [DEBUG] cheese - null
[2021-01-31T11:39:45.099] [DEBUG] cheese - null
[2021-01-31T11:39:46.585] [DEBUG] cheese - login => username:admin,password:123456
[2021-01-31T11:39:46.585] [DEBUG] cheese - admin
[2021-01-31T11:39:46.587] [DEBUG] cheese - null
[2021-01-31T11:39:46.587] [DEBUG] cheese - null
[2021-01-31T11:46:38.302] [DEBUG] cheese - login => username:admin,password:123456
[2021-01-31T11:46:38.302] [DEBUG] cheese - admin
[2021-01-31T11:46:38.303] [DEBUG] cheese - null
[2021-01-31T11:46:38.303] [DEBUG] cheese - null
[2021-01-31T11:57:21.565] [DEBUG] cheese - login => username:admin,password:123456
[2021-01-31T11:57:21.565] [DEBUG] cheese - admin
[2021-01-31T11:57:21.566] [DEBUG] cheese - null
[2021-01-31T11:57:21.567] [DEBUG] cheese - null
[2021-01-31T12:05:54.788] [DEBUG] cheese - login => username:admin,password:123456
[2021-01-31T12:05:54.788] [DEBUG] cheese - admin
[2021-01-31T12:05:54.790] [DEBUG] cheese - null
[2021-01-31T12:05:54.790] [DEBUG] cheese - null
[2021-01-31T13:13:23.358] [DEBUG] cheese - login => username:admin,password:123456
[2021-01-31T13:13:23.358] [DEBUG] cheese - admin
[2021-01-31T13:13:23.360] [DEBUG] cheese - null
[2021-01-31T13:13:23.360] [DEBUG] cheese - null
[2021-01-31T15:31:08.554] [DEBUG] cheese - login => username:admin,password:123456
[2021-01-31T15:31:08.554] [DEBUG] cheese - admin
[2021-01-31T15:31:08.555] [DEBUG] cheese - null
[2021-01-31T15:31:08.555] [DEBUG] cheese - null
[2021-01-31T15:31:13.742] [DEBUG] cheese - login => username:admin,password:123456
[2021-01-31T15:31:13.742] [DEBUG] cheese - admin
[2021-01-31T15:31:13.744] [DEBUG] cheese - null
[2021-01-31T15:31:13.744] [DEBUG] cheese - null
[2021-01-31T15:47:59.427] [DEBUG] cheese - login => username:admin,password:123456
[2021-01-31T15:47:59.427] [DEBUG] cheese - admin
[2021-01-31T15:47:59.429] [DEBUG] cheese - null
[2021-01-31T15:47:59.429] [DEBUG] cheese - null
[2021-01-31T16:09:51.268] [DEBUG] cheese - login => username:admin,password:123456
[2021-01-31T16:09:51.268] [DEBUG] cheese - admin
[2021-01-31T16:09:51.270] [DEBUG] cheese - null
[2021-01-31T16:09:51.270] [DEBUG] cheese - null
[2021-01-31T16:12:15.366] [DEBUG] cheese - login => username:admin,password:123456
[2021-01-31T16:12:15.367] [DEBUG] cheese - admin
[2021-01-31T16:12:15.368] [DEBUG] cheese - null
[2021-01-31T16:12:15.368] [DEBUG] cheese - null
[2021-01-31T16:13:09.333] [DEBUG] cheese - login => username:admin,password:123456
[2021-01-31T16:13:09.333] [DEBUG] cheese - admin
[2021-01-31T16:13:09.335] [DEBUG] cheese - null
[2021-01-31T16:13:09.335] [DEBUG] cheese - null
[2021-01-31T16:15:14.485] [DEBUG] cheese - login => username:admin,password:123456
[2021-01-31T16:15:14.485] [DEBUG] cheese - admin
[2021-01-31T16:15:14.487] [DEBUG] cheese - null
[2021-01-31T16:15:14.487] [DEBUG] cheese - null
[2021-01-31T17:18:28.984] [DEBUG] cheese - login => username:admin,password:123456
[2021-01-31T17:18:28.984] [DEBUG] cheese - admin
[2021-01-31T17:18:28.985] [DEBUG] cheese - null
[2021-01-31T17:18:28.985] [DEBUG] cheese - null
[2021-01-31T17:24:23.147] [DEBUG] cheese - login => username:admin,password:123456
[2021-01-31T17:24:23.147] [DEBUG] cheese - admin
[2021-01-31T17:24:23.148] [DEBUG] cheese - null
[2021-01-31T17:24:23.149] [DEBUG] cheese - null
[2021-01-31T17:24:25.229] [DEBUG] cheese - login => username:admin,password:123456
[2021-01-31T17:24:25.229] [DEBUG] cheese - admin
[2021-01-31T17:24:25.230] [DEBUG] cheese - null
[2021-01-31T17:24:25.230] [DEBUG] cheese - null
[2021-01-31T17:24:26.787] [DEBUG] cheese - login => username:admin,password:123456
[2021-01-31T17:24:26.787] [DEBUG] cheese - admin
[2021-01-31T17:24:26.788] [DEBUG] cheese - null
[2021-01-31T17:24:26.788] [DEBUG] cheese - null
[2021-01-31T17:24:28.247] [DEBUG] cheese - login => username:admin,password:123456
[2021-01-31T17:24:28.247] [DEBUG] cheese - admin
[2021-01-31T17:24:28.248] [DEBUG] cheese - null
[2021-01-31T17:24:28.249] [DEBUG] cheese - null
[2021-01-31T17:24:29.596] [DEBUG] cheese - login => username:admin,password:123456
[2021-01-31T17:24:29.596] [DEBUG] cheese - admin
[2021-01-31T17:24:29.598] [DEBUG] cheese - null
[2021-01-31T17:24:29.598] [DEBUG] cheese - null
[2021-01-31T19:49:03.911] [DEBUG] cheese - login => username:admin,password:123456
[2021-01-31T19:49:03.911] [DEBUG] cheese - admin
[2021-01-31T19:49:03.918] [DEBUG] cheese - null
[2021-01-31T19:49:03.918] [DEBUG] cheese - null
[2021-01-31T19:55:18.571] [DEBUG] cheese - login => username:admin,password:123456
[2021-01-31T19:55:18.571] [DEBUG] cheese - admin
[2021-01-31T19:55:18.572] [DEBUG] cheese - null
[2021-01-31T19:55:18.572] [DEBUG] cheese - null
[2021-01-31T19:55:28.724] [DEBUG] cheese - login => username:admin,password:123456
[2021-01-31T19:55:28.725] [DEBUG] cheese - admin
[2021-01-31T19:55:28.726] [DEBUG] cheese - null
[2021-01-31T19:55:28.726] [DEBUG] cheese - null
[2021-01-31T20:12:10.575] [DEBUG] cheese - login => username:admin,password:123456
[2021-01-31T20:12:10.575] [DEBUG] cheese - admin
[2021-01-31T20:12:10.577] [DEBUG] cheese - null
[2021-01-31T20:12:10.577] [DEBUG] cheese - null
[2021-02-01T11:52:24.259] [DEBUG] cheese - login => username:admin,password:123456
[2021-02-01T11:52:24.260] [DEBUG] cheese - admin
[2021-02-01T11:52:24.267] [DEBUG] cheese - null
[2021-02-01T11:52:24.267] [DEBUG] cheese - null
[2021-02-01T15:46:17.830] [DEBUG] cheese - login => username:admin,password:123456
[2021-02-01T15:46:17.830] [DEBUG] cheese - admin
[2021-02-01T15:46:17.832] [DEBUG] cheese - null
[2021-02-01T15:46:17.832] [DEBUG] cheese - null
[2021-02-01T15:46:23.055] [DEBUG] cheese - login => username:admin,password:1234561
[2021-02-01T15:46:23.055] [DEBUG] cheese - admin
[2021-02-01T15:46:23.056] [DEBUG] cheese - null
[2021-02-01T15:46:23.056] [DEBUG] cheese - null
[2021-02-01T15:46:26.492] [DEBUG] cheese - login => username:admin,password:123456
[2021-02-01T15:46:26.492] [DEBUG] cheese - admin
[2021-02-01T15:46:26.494] [DEBUG] cheese - null
[2021-02-01T15:46:26.494] [DEBUG] cheese - null
[2021-02-01T18:16:51.129] [DEBUG] cheese - login => username:admin,password:123456
[2021-02-01T18:16:51.129] [DEBUG] cheese - admin
[2021-02-01T18:16:51.130] [DEBUG] cheese - null
[2021-02-01T18:16:51.130] [DEBUG] cheese - null
[2021-02-01T18:34:45.116] [DEBUG] cheese - login => username:admin,password:123456
[2021-02-01T18:34:45.117] [DEBUG] cheese - admin
[2021-02-01T18:34:45.118] [DEBUG] cheese - null
[2021-02-01T18:34:45.118] [DEBUG] cheese - null
[2021-02-01T20:08:53.810] [DEBUG] cheese - login => username:admin,password:123456
[2021-02-01T20:08:53.810] [DEBUG] cheese - admin
[2021-02-01T20:08:53.812] [DEBUG] cheese - null
[2021-02-01T20:08:53.812] [DEBUG] cheese - null
[2021-02-01T20:29:38.661] [DEBUG] cheese - null
[2021-02-01T20:34:10.316] [DEBUG] cheese - null
[2021-02-01T20:34:13.751] [DEBUG] cheese - null
[2021-02-01T20:35:38.088] [DEBUG] cheese - null
[2021-02-02T13:04:12.654] [DEBUG] cheese - login => username:admin,password:123456
[2021-02-02T13:04:12.655] [DEBUG] cheese - admin
[2021-02-02T13:04:12.663] [DEBUG] cheese - null
[2021-02-02T13:04:12.664] [DEBUG] cheese - null
[2021-02-02T14:48:14.665] [DEBUG] cheese - login => username:admin,password:123456
[2021-02-02T14:48:14.666] [DEBUG] cheese - admin
[2021-02-02T14:48:14.667] [DEBUG] cheese - null
[2021-02-02T14:48:14.667] [DEBUG] cheese - null
[2021-02-02T14:56:51.845] [DEBUG] cheese - login => username:admin,password:123456
[2021-02-02T14:56:51.845] [DEBUG] cheese - admin
[2021-02-02T14:56:51.846] [DEBUG] cheese - null
[2021-02-02T14:56:51.847] [DEBUG] cheese - null
[2021-02-02T19:10:09.900] [DEBUG] cheese - login => username:admin,password:123456
[2021-02-02T19:10:09.900] [DEBUG] cheese - admin
[2021-02-02T19:10:09.909] [DEBUG] cheese - null
[2021-02-02T19:10:09.909] [DEBUG] cheese - null
[2021-02-04T09:01:39.134] [DEBUG] cheese - login => username:admin,password:123456
[2021-02-04T09:01:39.135] [DEBUG] cheese - admin
[2021-02-04T09:01:39.143] [DEBUG] cheese - null
[2021-02-04T09:01:39.143] [DEBUG] cheese - null
[2021-02-04T20:12:21.106] [DEBUG] cheese - login => username:admin,password:123456
[2021-02-04T20:12:21.107] [DEBUG] cheese - admin
[2021-02-04T20:12:21.115] [DEBUG] cheese - null
[2021-02-04T20:12:21.115] [DEBUG] cheese - null
[2021-02-04T20:13:42.184] [DEBUG] cheese - login => username:admin,password:123456
[2021-02-04T20:13:42.185] [DEBUG] cheese - admin
[2021-02-04T20:13:42.187] [DEBUG] cheese - null
[2021-02-04T20:13:42.187] [DEBUG] cheese - null
[2021-02-04T20:48:41.576] [DEBUG] cheese - login => username:admin,password:123456
[2021-02-04T20:48:41.577] [DEBUG] cheese - admin
[2021-02-04T20:48:41.579] [DEBUG] cheese - null
[2021-02-04T20:48:41.580] [DEBUG] cheese - null
[2021-02-04T21:03:51.847] [DEBUG] cheese - login => username:admin,password:123456
[2021-02-04T21:03:51.848] [DEBUG] cheese - admin
[2021-02-04T21:03:51.850] [DEBUG] cheese - null
[2021-02-04T21:03:51.851] [DEBUG] cheese - null
[2021-02-04T21:15:02.593] [DEBUG] cheese - login => username:admin,password:123456
[2021-02-04T21:15:02.593] [DEBUG] cheese - admin
[2021-02-04T21:15:02.594] [DEBUG] cheese - login => username:admin,password:123456
[2021-02-04T21:15:02.594] [DEBUG] cheese - admin
[2021-02-04T21:15:02.595] [DEBUG] cheese - login => username:admin,password:123456
[2021-02-04T21:15:02.595] [DEBUG] cheese - admin
[2021-02-04T21:15:02.597] [DEBUG] cheese - login => username:admin,password:123456
[2021-02-04T21:15:02.597] [DEBUG] cheese - admin
[2021-02-04T21:15:02.598] [DEBUG] cheese - login => username:admin,password:123456
[2021-02-04T21:15:02.598] [DEBUG] cheese - admin
[2021-02-04T21:15:02.598] [DEBUG] cheese - login => username:admin,password:123456
[2021-02-04T21:15:02.598] [DEBUG] cheese - admin
[2021-02-04T21:15:02.601] [DEBUG] cheese - null
[2021-02-04T21:15:02.601] [DEBUG] cheese - null
[2021-02-04T21:15:02.658] [DEBUG] cheese - null
[2021-02-04T21:15:02.658] [DEBUG] cheese - null
[2021-02-04T21:15:02.719] [DEBUG] cheese - login => username:admin,password:123456
[2021-02-04T21:15:02.719] [DEBUG] cheese - admin
[2021-02-04T21:15:02.720] [DEBUG] cheese - login => username:admin,password:123456
[2021-02-04T21:15:02.720] [DEBUG] cheese - admin
[2021-02-04T21:15:02.721] [DEBUG] cheese - null
[2021-02-04T21:15:02.721] [DEBUG] cheese - null
[2021-02-04T21:15:02.779] [DEBUG] cheese - null
[2021-02-04T21:15:02.779] [DEBUG] cheese - null
[2021-02-04T21:15:02.841] [DEBUG] cheese - null
[2021-02-04T21:15:02.841] [DEBUG] cheese - null
[2021-02-04T21:15:02.899] [DEBUG] cheese - null
[2021-02-04T21:15:02.899] [DEBUG] cheese - null
[2021-02-04T21:15:02.956] [DEBUG] cheese - login => username:admin,password:123456
[2021-02-04T21:15:02.956] [DEBUG] cheese - admin
[2021-02-04T21:15:02.957] [DEBUG] cheese - login => username:admin,password:123456
[2021-02-04T21:15:02.957] [DEBUG] cheese - admin
[2021-02-04T21:15:02.958] [DEBUG] cheese - login => username:admin,password:123456
[2021-02-04T21:15:02.959] [DEBUG] cheese - admin
[2021-02-04T21:15:02.959] [DEBUG] cheese - null
[2021-02-04T21:15:02.959] [DEBUG] cheese - null
[2021-02-04T21:15:03.019] [DEBUG] cheese - null
[2021-02-04T21:15:03.019] [DEBUG] cheese - null
[2021-02-04T21:15:03.084] [DEBUG] cheese - login => username:admin,password:123456
[2021-02-04T21:15:03.084] [DEBUG] cheese - admin
[2021-02-04T21:15:03.085] [DEBUG] cheese - login => username:admin,password:123456
[2021-02-04T21:15:03.085] [DEBUG] cheese - admin
[2021-02-04T21:15:03.086] [DEBUG] cheese - login => username:admin,password:123456
[2021-02-04T21:15:03.086] [DEBUG] cheese - admin
[2021-02-04T21:15:03.091] [DEBUG] cheese - null
[2021-02-04T21:15:03.091] [DEBUG] cheese - null
[2021-02-04T21:15:03.153] [DEBUG] cheese - null
[2021-02-04T21:15:03.153] [DEBUG] cheese - null
[2021-02-04T21:15:03.213] [DEBUG] cheese - null
[2021-02-04T21:15:03.213] [DEBUG] cheese - null
[2021-02-04T21:15:03.275] [DEBUG] cheese - null
[2021-02-04T21:15:03.275] [DEBUG] cheese - null
[2021-02-04T21:15:03.336] [DEBUG] cheese - login => username:admin,password:123456
[2021-02-04T21:15:03.336] [DEBUG] cheese - admin
[2021-02-04T21:15:03.338] [DEBUG] cheese - login => username:admin,password:123456
[2021-02-04T21:15:03.338] [DEBUG] cheese - admin
[2021-02-04T21:15:03.338] [DEBUG] cheese - null
[2021-02-04T21:15:03.338] [DEBUG] cheese - null
[2021-02-04T21:15:03.399] [DEBUG] cheese - null
[2021-02-04T21:15:03.399] [DEBUG] cheese - null
[2021-02-04T21:15:03.463] [DEBUG] cheese - null
[2021-02-04T21:15:03.463] [DEBUG] cheese - null
[2021-02-04T21:15:03.524] [DEBUG] cheese - null
[2021-02-04T21:15:03.524] [DEBUG] cheese - null
[2021-02-04T21:34:04.639] [DEBUG] cheese - login => username:admin,password:123456
[2021-02-04T21:34:04.639] [DEBUG] cheese - admin
[2021-02-04T21:34:04.640] [DEBUG] cheese - null
[2021-02-04T21:34:04.640] [DEBUG] cheese - null
[2021-02-05T13:00:18.881] [DEBUG] cheese - login => username:admin,password:123456
[2021-02-05T13:00:18.883] [DEBUG] cheese - admin
[2021-02-05T13:00:18.895] [DEBUG] cheese - null
[2021-02-05T13:00:18.896] [DEBUG] cheese - null
[2021-02-05T19:44:39.031] [DEBUG] cheese - login => username:admin,password:123456
[2021-02-05T19:44:39.032] [DEBUG] cheese - admin
[2021-02-05T19:44:39.039] [DEBUG] cheese - null
[2021-02-05T19:44:39.039] [DEBUG] cheese - null
[2021-02-05T20:59:44.184] [DEBUG] cheese - null
[2021-02-06T10:30:39.091] [DEBUG] cheese - login => username:admin,password:123456
[2021-02-06T10:30:39.092] [DEBUG] cheese - admin
[2021-02-06T10:30:39.100] [DEBUG] cheese - null
[2021-02-06T10:30:39.100] [DEBUG] cheese - null
[2021-02-06T20:26:52.400] [DEBUG] cheese - login => username:admin,password:123456
[2021-02-06T20:26:52.401] [DEBUG] cheese - admin
[2021-02-06T20:26:52.408] [DEBUG] cheese - null
[2021-02-06T20:26:52.408] [DEBUG] cheese - null
[2021-02-06T20:40:38.391] [DEBUG] cheese - login => username:admin,password:123456
[2021-02-06T20:40:38.392] [DEBUG] cheese - admin
[2021-02-06T20:40:38.394] [DEBUG] cheese - null
[2021-02-06T20:40:38.395] [DEBUG] cheese - null
[2021-02-06T21:01:53.338] [DEBUG] cheese - login => username:admin,password:123456
[2021-02-06T21:01:53.339] [DEBUG] cheese - admin
[2021-02-06T21:01:53.341] [DEBUG] cheese - null
[2021-02-06T21:01:53.342] [DEBUG] cheese - null
[2021-02-06T21:09:04.314] [DEBUG] cheese - login => username:admin,password:123456
[2021-02-06T21:09:04.314] [DEBUG] cheese - admin
[2021-02-06T21:09:04.316] [DEBUG] cheese - null
[2021-02-06T21:09:04.316] [DEBUG] cheese - null
[2021-02-06T21:22:08.651] [DEBUG] cheese - login => username:admin,password:123456
[2021-02-06T21:22:08.651] [DEBUG] cheese - admin
[2021-02-06T21:22:08.652] [DEBUG] cheese - null
[2021-02-06T21:22:08.652] [DEBUG] cheese - null
[2021-02-07T13:25:44.764] [DEBUG] cheese - login => username:admin,password:123456
[2021-02-07T13:25:44.765] [DEBUG] cheese - admin
[2021-02-07T13:25:44.773] [DEBUG] cheese - null
[2021-02-07T13:25:44.774] [DEBUG] cheese - null
[2021-02-07T13:52:08.902] [DEBUG] cheese - login => username:admin,password:123456
[2021-02-07T13:52:08.904] [DEBUG] cheese - admin
[2021-02-07T13:52:08.905] [DEBUG] cheese - null
[2021-02-07T13:52:08.906] [DEBUG] cheese - null
[2021-02-07T16:59:47.067] [DEBUG] cheese - login => username:admin,password:123456
[2021-02-07T16:59:47.068] [DEBUG] cheese - admin
[2021-02-07T16:59:47.076] [DEBUG] cheese - null
[2021-02-07T16:59:47.076] [DEBUG] cheese - null
[2021-02-07T17:10:20.596] [DEBUG] cheese - login => username:admin,password:123456
[2021-02-07T17:10:20.597] [DEBUG] cheese - admin
[2021-02-07T17:10:20.599] [DEBUG] cheese - null
[2021-02-07T17:10:20.599] [DEBUG] cheese - null
[2021-02-07T17:11:45.695] [DEBUG] cheese - login => username:admin,password:123456
[2021-02-07T17:11:45.695] [DEBUG] cheese - admin
[2021-02-07T17:11:45.696] [DEBUG] cheese - null
[2021-02-07T17:11:45.696] [DEBUG] cheese - null
[2021-02-07T17:14:17.083] [DEBUG] cheese - login => username:admin,password:123456
[2021-02-07T17:14:17.084] [DEBUG] cheese - admin
[2021-02-07T17:14:17.091] [DEBUG] cheese - null
[2021-02-07T17:14:17.091] [DEBUG] cheese - null
